workers: 6
max_iter: 62175
batch_size: 1
policy_parameter: {'stepvalue': [12435, 24870, 37350, 49740], 'max_iter': 62175, 'power': 1.2, 'gamma': 0.333}
base_lr: 2e-05
topk: 3
start_iters: 0
lr_policy: multistep-poly
test_interval: 6000
best_model: 12345678.9
weight_decay: 0.0005
display: 1
momentum: 0.9
Train Iteration: 1	Time 8.435s / 1iters, (8.435)	Data load 0.522s / 1iters, (0.521615)
Learning rate = 2e-05
Loss = 0.0248 (ave = 0.0248)

Loss1_1 = 0.0024 (ave = 0.0024)	Loss1_2 = 0.0018 (ave = 0.0018)
Loss2_1 = 0.0024 (ave = 0.0024)	Loss2_2 = 0.0018 (ave = 0.0018)
Loss3_1 = 0.0024 (ave = 0.0024)	Loss3_2 = 0.0018 (ave = 0.0018)
Loss4_1 = 0.0024 (ave = 0.0024)	Loss4_2 = 0.0018 (ave = 0.0018)
Loss5_1 = 0.0024 (ave = 0.0024)	Loss5_2 = 0.0018 (ave = 0.0018)
Loss6_1 = 0.0024 (ave = 0.0024)	Loss6_2 = 0.0018 (ave = 0.0018)
2017-11-05 00:32:16 -----------------------------------------------------------------------------------------------------------------

Train Iteration: 2	Time 0.410s / 1iters, (0.410)	Data load 0.001s / 1iters, (0.000853)
Learning rate = 1.99980699793e-05
Loss = 0.0053 (ave = 0.0053)

Loss1_1 = 0.0006 (ave = 0.0006)	Loss1_2 = 0.0002 (ave = 0.0002)
Loss2_1 = 0.0006 (ave = 0.0006)	Loss2_2 = 0.0002 (ave = 0.0002)
Loss3_1 = 0.0006 (ave = 0.0006)	Loss3_2 = 0.0002 (ave = 0.0002)
Loss4_1 = 0.0006 (ave = 0.0006)	Loss4_2 = 0.0002 (ave = 0.0002)
Loss5_1 = 0.0006 (ave = 0.0006)	Loss5_2 = 0.0002 (ave = 0.0002)
Loss6_1 = 0.0006 (ave = 0.0006)	Loss6_2 = 0.0002 (ave = 0.0002)
2017-11-05 00:32:16 -----------------------------------------------------------------------------------------------------------------

Train Iteration: 3	Time 0.474s / 1iters, (0.474)	Data load 0.001s / 1iters, (0.001149)
Learning rate = 1.99961399897e-05
Loss = 0.0315 (ave = 0.0315)

Loss1_1 = 0.0038 (ave = 0.0038)	Loss1_2 = 0.0015 (ave = 0.0015)
Loss2_1 = 0.0038 (ave = 0.0038)	Loss2_2 = 0.0015 (ave = 0.0015)
Loss3_1 = 0.0038 (ave = 0.0038)	Loss3_2 = 0.0015 (ave = 0.0015)
Loss4_1 = 0.0038 (ave = 0.0038)	Loss4_2 = 0.0015 (ave = 0.0015)
Loss5_1 = 0.0038 (ave = 0.0038)	Loss5_2 = 0.0015 (ave = 0.0015)
Loss6_1 = 0.0038 (ave = 0.0038)	Loss6_2 = 0.0015 (ave = 0.0015)
2017-11-05 00:32:16 -----------------------------------------------------------------------------------------------------------------

Train Iteration: 4	Time 0.474s / 1iters, (0.474)	Data load 0.001s / 1iters, (0.001040)
Learning rate = 1.99942100311e-05
Loss = 0.0195 (ave = 0.0195)

Loss1_1 = 0.0024 (ave = 0.0024)	Loss1_2 = 0.0009 (ave = 0.0009)
Loss2_1 = 0.0024 (ave = 0.0024)	Loss2_2 = 0.0009 (ave = 0.0009)
Loss3_1 = 0.0024 (ave = 0.0024)	Loss3_2 = 0.0009 (ave = 0.0009)
Loss4_1 = 0.0024 (ave = 0.0024)	Loss4_2 = 0.0009 (ave = 0.0009)
Loss5_1 = 0.0024 (ave = 0.0024)	Loss5_2 = 0.0009 (ave = 0.0009)
Loss6_1 = 0.0024 (ave = 0.0024)	Loss6_2 = 0.0009 (ave = 0.0009)
2017-11-05 00:32:17 -----------------------------------------------------------------------------------------------------------------

Train Iteration: 5	Time 0.488s / 1iters, (0.488)	Data load 0.001s / 1iters, (0.000801)
Learning rate = 1.99922801036e-05
Loss = 0.0214 (ave = 0.0214)

Loss1_1 = 0.0023 (ave = 0.0023)	Loss1_2 = 0.0012 (ave = 0.0012)
Loss2_1 = 0.0023 (ave = 0.0023)	Loss2_2 = 0.0012 (ave = 0.0012)
Loss3_1 = 0.0023 (ave = 0.0023)	Loss3_2 = 0.0012 (ave = 0.0012)
Loss4_1 = 0.0023 (ave = 0.0023)	Loss4_2 = 0.0012 (ave = 0.0012)
Loss5_1 = 0.0023 (ave = 0.0023)	Loss5_2 = 0.0012 (ave = 0.0012)
Loss6_1 = 0.0023 (ave = 0.0023)	Loss6_2 = 0.0012 (ave = 0.0012)
2017-11-05 00:32:17 -----------------------------------------------------------------------------------------------------------------

Train Iteration: 6	Time 0.489s / 1iters, (0.489)	Data load 0.001s / 1iters, (0.000672)
Learning rate = 1.99903502071e-05
Loss = 0.0283 (ave = 0.0283)

Loss1_1 = 0.0038 (ave = 0.0038)	Loss1_2 = 0.0010 (ave = 0.0010)
Loss2_1 = 0.0038 (ave = 0.0038)	Loss2_2 = 0.0010 (ave = 0.0010)
Loss3_1 = 0.0038 (ave = 0.0038)	Loss3_2 = 0.0010 (ave = 0.0010)
Loss4_1 = 0.0038 (ave = 0.0038)	Loss4_2 = 0.0010 (ave = 0.0010)
Loss5_1 = 0.0038 (ave = 0.0038)	Loss5_2 = 0.0010 (ave = 0.0010)
Loss6_1 = 0.0038 (ave = 0.0038)	Loss6_2 = 0.0010 (ave = 0.0010)
2017-11-05 00:32:18 -----------------------------------------------------------------------------------------------------------------

Train Iteration: 7	Time 0.480s / 1iters, (0.480)	Data load 0.002s / 1iters, (0.002018)
Learning rate = 1.99884203417e-05
Loss = 0.0141 (ave = 0.0141)

Loss1_1 = 0.0016 (ave = 0.0016)	Loss1_2 = 0.0007 (ave = 0.0007)
Loss2_1 = 0.0016 (ave = 0.0016)	Loss2_2 = 0.0007 (ave = 0.0007)
Loss3_1 = 0.0016 (ave = 0.0016)	Loss3_2 = 0.0007 (ave = 0.0007)
Loss4_1 = 0.0016 (ave = 0.0016)	Loss4_2 = 0.0007 (ave = 0.0007)
Loss5_1 = 0.0016 (ave = 0.0016)	Loss5_2 = 0.0007 (ave = 0.0007)
Loss6_1 = 0.0016 (ave = 0.0016)	Loss6_2 = 0.0007 (ave = 0.0007)
2017-11-05 00:32:18 -----------------------------------------------------------------------------------------------------------------

Train Iteration: 8	Time 0.412s / 1iters, (0.412)	Data load 0.001s / 1iters, (0.000739)
Learning rate = 1.99864905073e-05
Loss = 0.0404 (ave = 0.0404)

Loss1_1 = 0.0041 (ave = 0.0041)	Loss1_2 = 0.0026 (ave = 0.0026)
Loss2_1 = 0.0041 (ave = 0.0041)	Loss2_2 = 0.0026 (ave = 0.0026)
Loss3_1 = 0.0041 (ave = 0.0041)	Loss3_2 = 0.0026 (ave = 0.0026)
Loss4_1 = 0.0041 (ave = 0.0041)	Loss4_2 = 0.0026 (ave = 0.0026)
Loss5_1 = 0.0041 (ave = 0.0041)	Loss5_2 = 0.0026 (ave = 0.0026)
Loss6_1 = 0.0041 (ave = 0.0041)	Loss6_2 = 0.0026 (ave = 0.0026)
2017-11-05 00:32:19 -----------------------------------------------------------------------------------------------------------------

Train Iteration: 9	Time 0.441s / 1iters, (0.441)	Data load 0.001s / 1iters, (0.001020)
Learning rate = 1.9984560704e-05
Loss = 0.0235 (ave = 0.0235)

Loss1_1 = 0.0029 (ave = 0.0029)	Loss1_2 = 0.0010 (ave = 0.0010)
Loss2_1 = 0.0029 (ave = 0.0029)	Loss2_2 = 0.0010 (ave = 0.0010)
Loss3_1 = 0.0029 (ave = 0.0029)	Loss3_2 = 0.0010 (ave = 0.0010)
Loss4_1 = 0.0029 (ave = 0.0029)	Loss4_2 = 0.0010 (ave = 0.0010)
Loss5_1 = 0.0029 (ave = 0.0029)	Loss5_2 = 0.0010 (ave = 0.0010)
Loss6_1 = 0.0029 (ave = 0.0029)	Loss6_2 = 0.0010 (ave = 0.0010)
2017-11-05 00:32:19 -----------------------------------------------------------------------------------------------------------------

Train Iteration: 10	Time 0.486s / 1iters, (0.486)	Data load 0.001s / 1iters, (0.000744)
Learning rate = 1.99826309318e-05
Loss = 0.0287 (ave = 0.0287)

Loss1_1 = 0.0034 (ave = 0.0034)	Loss1_2 = 0.0014 (ave = 0.0014)
Loss2_1 = 0.0034 (ave = 0.0034)	Loss2_2 = 0.0014 (ave = 0.0014)
Loss3_1 = 0.0034 (ave = 0.0034)	Loss3_2 = 0.0014 (ave = 0.0014)
Loss4_1 = 0.0034 (ave = 0.0034)	Loss4_2 = 0.0014 (ave = 0.0014)
Loss5_1 = 0.0034 (ave = 0.0034)	Loss5_2 = 0.0014 (ave = 0.0014)
Loss6_1 = 0.0034 (ave = 0.0034)	Loss6_2 = 0.0014 (ave = 0.0014)
2017-11-05 00:32:20 -----------------------------------------------------------------------------------------------------------------

Train Iteration: 11	Time 0.480s / 1iters, (0.480)	Data load 0.001s / 1iters, (0.001081)
Learning rate = 1.99807011906e-05
Loss = 0.0284 (ave = 0.0284)

Loss1_1 = 0.0031 (ave = 0.0031)	Loss1_2 = 0.0017 (ave = 0.0017)
Loss2_1 = 0.0031 (ave = 0.0031)	Loss2_2 = 0.0017 (ave = 0.0017)
Loss3_1 = 0.0031 (ave = 0.0031)	Loss3_2 = 0.0017 (ave = 0.0017)
Loss4_1 = 0.0031 (ave = 0.0031)	Loss4_2 = 0.0017 (ave = 0.0017)
Loss5_1 = 0.0031 (ave = 0.0031)	Loss5_2 = 0.0017 (ave = 0.0017)
Loss6_1 = 0.0031 (ave = 0.0031)	Loss6_2 = 0.0017 (ave = 0.0017)
2017-11-05 00:32:20 -----------------------------------------------------------------------------------------------------------------

Train Iteration: 12	Time 0.476s / 1iters, (0.476)	Data load 0.001s / 1iters, (0.000658)
Learning rate = 1.99787714804e-05
Loss = 0.0247 (ave = 0.0247)

Loss1_1 = 0.0031 (ave = 0.0031)	Loss1_2 = 0.0010 (ave = 0.0010)
Loss2_1 = 0.0031 (ave = 0.0031)	Loss2_2 = 0.0010 (ave = 0.0010)
Loss3_1 = 0.0031 (ave = 0.0031)	Loss3_2 = 0.0010 (ave = 0.0010)
Loss4_1 = 0.0031 (ave = 0.0031)	Loss4_2 = 0.0010 (ave = 0.0010)
Loss5_1 = 0.0031 (ave = 0.0031)	Loss5_2 = 0.0010 (ave = 0.0010)
Loss6_1 = 0.0031 (ave = 0.0031)	Loss6_2 = 0.0010 (ave = 0.0010)
2017-11-05 00:32:21 -----------------------------------------------------------------------------------------------------------------

Train Iteration: 13	Time 0.473s / 1iters, (0.473)	Data load 0.001s / 1iters, (0.000907)
Learning rate = 1.99768418013e-05
Loss = 0.0178 (ave = 0.0178)

Loss1_1 = 0.0025 (ave = 0.0025)	Loss1_2 = 0.0005 (ave = 0.0005)
Loss2_1 = 0.0025 (ave = 0.0025)	Loss2_2 = 0.0005 (ave = 0.0005)
Loss3_1 = 0.0025 (ave = 0.0025)	Loss3_2 = 0.0005 (ave = 0.0005)
Loss4_1 = 0.0025 (ave = 0.0025)	Loss4_2 = 0.0005 (ave = 0.0005)
Loss5_1 = 0.0025 (ave = 0.0025)	Loss5_2 = 0.0005 (ave = 0.0005)
Loss6_1 = 0.0025 (ave = 0.0025)	Loss6_2 = 0.0005 (ave = 0.0005)
2017-11-05 00:32:21 -----------------------------------------------------------------------------------------------------------------

Train Iteration: 14	Time 0.479s / 1iters, (0.479)	Data load 0.001s / 1iters, (0.000728)
Learning rate = 1.99749121533e-05
Loss = 0.0235 (ave = 0.0235)

Loss1_1 = 0.0025 (ave = 0.0025)	Loss1_2 = 0.0014 (ave = 0.0014)
Loss2_1 = 0.0025 (ave = 0.0025)	Loss2_2 = 0.0014 (ave = 0.0014)
Loss3_1 = 0.0025 (ave = 0.0025)	Loss3_2 = 0.0014 (ave = 0.0014)
Loss4_1 = 0.0025 (ave = 0.0025)	Loss4_2 = 0.0014 (ave = 0.0014)
Loss5_1 = 0.0025 (ave = 0.0025)	Loss5_2 = 0.0014 (ave = 0.0014)
Loss6_1 = 0.0025 (ave = 0.0025)	Loss6_2 = 0.0014 (ave = 0.0014)
2017-11-05 00:32:22 -----------------------------------------------------------------------------------------------------------------

Train Iteration: 15	Time 0.472s / 1iters, (0.472)	Data load 0.001s / 1iters, (0.000672)
Learning rate = 1.99729825364e-05
Loss = 0.0096 (ave = 0.0096)

Loss1_1 = 0.0011 (ave = 0.0011)	Loss1_2 = 0.0005 (ave = 0.0005)
Loss2_1 = 0.0011 (ave = 0.0011)	Loss2_2 = 0.0005 (ave = 0.0005)
Loss3_1 = 0.0011 (ave = 0.0011)	Loss3_2 = 0.0005 (ave = 0.0005)
Loss4_1 = 0.0011 (ave = 0.0011)	Loss4_2 = 0.0005 (ave = 0.0005)
Loss5_1 = 0.0011 (ave = 0.0011)	Loss5_2 = 0.0005 (ave = 0.0005)
Loss6_1 = 0.0011 (ave = 0.0011)	Loss6_2 = 0.0005 (ave = 0.0005)
2017-11-05 00:32:22 -----------------------------------------------------------------------------------------------------------------

Train Iteration: 16	Time 0.475s / 1iters, (0.475)	Data load 0.001s / 1iters, (0.000898)
Learning rate = 1.99710529505e-05
Loss = 0.0073 (ave = 0.0073)

Loss1_1 = 0.0007 (ave = 0.0007)	Loss1_2 = 0.0006 (ave = 0.0006)
Loss2_1 = 0.0007 (ave = 0.0007)	Loss2_2 = 0.0006 (ave = 0.0006)
Loss3_1 = 0.0007 (ave = 0.0007)	Loss3_2 = 0.0006 (ave = 0.0006)
Loss4_1 = 0.0007 (ave = 0.0007)	Loss4_2 = 0.0006 (ave = 0.0006)
Loss5_1 = 0.0007 (ave = 0.0007)	Loss5_2 = 0.0006 (ave = 0.0006)
Loss6_1 = 0.0007 (ave = 0.0007)	Loss6_2 = 0.0006 (ave = 0.0006)
2017-11-05 00:32:23 -----------------------------------------------------------------------------------------------------------------

Train Iteration: 17	Time 0.423s / 1iters, (0.423)	Data load 0.001s / 1iters, (0.001235)
Learning rate = 1.99691233957e-05
Loss = 0.0197 (ave = 0.0197)

Loss1_1 = 0.0019 (ave = 0.0019)	Loss1_2 = 0.0014 (ave = 0.0014)
Loss2_1 = 0.0019 (ave = 0.0019)	Loss2_2 = 0.0014 (ave = 0.0014)
Loss3_1 = 0.0019 (ave = 0.0019)	Loss3_2 = 0.0014 (ave = 0.0014)
Loss4_1 = 0.0019 (ave = 0.0019)	Loss4_2 = 0.0014 (ave = 0.0014)
Loss5_1 = 0.0019 (ave = 0.0019)	Loss5_2 = 0.0014 (ave = 0.0014)
Loss6_1 = 0.0019 (ave = 0.0019)	Loss6_2 = 0.0014 (ave = 0.0014)
2017-11-05 00:32:23 -----------------------------------------------------------------------------------------------------------------

Train Iteration: 18	Time 0.437s / 1iters, (0.437)	Data load 0.001s / 1iters, (0.001422)
Learning rate = 1.9967193872e-05
Loss = 0.0654 (ave = 0.0654)

Loss1_1 = 0.0073 (ave = 0.0073)	Loss1_2 = 0.0036 (ave = 0.0036)
Loss2_1 = 0.0073 (ave = 0.0073)	Loss2_2 = 0.0036 (ave = 0.0036)
Loss3_1 = 0.0073 (ave = 0.0073)	Loss3_2 = 0.0036 (ave = 0.0036)
Loss4_1 = 0.0073 (ave = 0.0073)	Loss4_2 = 0.0036 (ave = 0.0036)
Loss5_1 = 0.0073 (ave = 0.0073)	Loss5_2 = 0.0036 (ave = 0.0036)
Loss6_1 = 0.0073 (ave = 0.0073)	Loss6_2 = 0.0036 (ave = 0.0036)
2017-11-05 00:32:23 -----------------------------------------------------------------------------------------------------------------

Train Iteration: 19	Time 0.491s / 1iters, (0.491)	Data load 0.001s / 1iters, (0.000513)
Learning rate = 1.99652643794e-05
Loss = 0.0500 (ave = 0.0500)

Loss1_1 = 0.0057 (ave = 0.0057)	Loss1_2 = 0.0026 (ave = 0.0026)
Loss2_1 = 0.0057 (ave = 0.0057)	Loss2_2 = 0.0026 (ave = 0.0026)
Loss3_1 = 0.0057 (ave = 0.0057)	Loss3_2 = 0.0026 (ave = 0.0026)
Loss4_1 = 0.0057 (ave = 0.0057)	Loss4_2 = 0.0026 (ave = 0.0026)
Loss5_1 = 0.0057 (ave = 0.0057)	Loss5_2 = 0.0026 (ave = 0.0026)
Loss6_1 = 0.0057 (ave = 0.0057)	Loss6_2 = 0.0026 (ave = 0.0026)
2017-11-05 00:32:24 -----------------------------------------------------------------------------------------------------------------

Train Iteration: 20	Time 0.485s / 1iters, (0.485)	Data load 0.001s / 1iters, (0.001343)
Learning rate = 1.99633349178e-05
Loss = 0.0726 (ave = 0.0726)

Loss1_1 = 0.0078 (ave = 0.0078)	Loss1_2 = 0.0043 (ave = 0.0043)
Loss2_1 = 0.0078 (ave = 0.0078)	Loss2_2 = 0.0043 (ave = 0.0043)
Loss3_1 = 0.0078 (ave = 0.0078)	Loss3_2 = 0.0043 (ave = 0.0043)
Loss4_1 = 0.0078 (ave = 0.0078)	Loss4_2 = 0.0043 (ave = 0.0043)
Loss5_1 = 0.0078 (ave = 0.0078)	Loss5_2 = 0.0043 (ave = 0.0043)
Loss6_1 = 0.0078 (ave = 0.0078)	Loss6_2 = 0.0043 (ave = 0.0043)
2017-11-05 00:32:24 -----------------------------------------------------------------------------------------------------------------

Train Iteration: 21	Time 0.475s / 1iters, (0.475)	Data load 0.000s / 1iters, (0.000434)
Learning rate = 1.99614054873e-05
Loss = 0.0202 (ave = 0.0202)

Loss1_1 = 0.0027 (ave = 0.0027)	Loss1_2 = 0.0007 (ave = 0.0007)
Loss2_1 = 0.0027 (ave = 0.0027)	Loss2_2 = 0.0007 (ave = 0.0007)
Loss3_1 = 0.0027 (ave = 0.0027)	Loss3_2 = 0.0007 (ave = 0.0007)
Loss4_1 = 0.0027 (ave = 0.0027)	Loss4_2 = 0.0007 (ave = 0.0007)
Loss5_1 = 0.0027 (ave = 0.0027)	Loss5_2 = 0.0007 (ave = 0.0007)
Loss6_1 = 0.0027 (ave = 0.0027)	Loss6_2 = 0.0007 (ave = 0.0007)
2017-11-05 00:32:25 -----------------------------------------------------------------------------------------------------------------

Train Iteration: 22	Time 0.488s / 1iters, (0.488)	Data load 0.001s / 1iters, (0.000849)
Learning rate = 1.99594760879e-05
Loss = 0.0023 (ave = 0.0023)

Loss1_1 = 0.0002 (ave = 0.0002)	Loss1_2 = 0.0002 (ave = 0.0002)
Loss2_1 = 0.0002 (ave = 0.0002)	Loss2_2 = 0.0002 (ave = 0.0002)
Loss3_1 = 0.0002 (ave = 0.0002)	Loss3_2 = 0.0002 (ave = 0.0002)
Loss4_1 = 0.0002 (ave = 0.0002)	Loss4_2 = 0.0002 (ave = 0.0002)
Loss5_1 = 0.0002 (ave = 0.0002)	Loss5_2 = 0.0002 (ave = 0.0002)
Loss6_1 = 0.0002 (ave = 0.0002)	Loss6_2 = 0.0002 (ave = 0.0002)
2017-11-05 00:32:25 -----------------------------------------------------------------------------------------------------------------

Train Iteration: 23	Time 0.489s / 1iters, (0.489)	Data load 0.001s / 1iters, (0.000576)
Learning rate = 1.99575467196e-05
Loss = 0.0269 (ave = 0.0269)

Loss1_1 = 0.0031 (ave = 0.0031)	Loss1_2 = 0.0014 (ave = 0.0014)
Loss2_1 = 0.0031 (ave = 0.0031)	Loss2_2 = 0.0014 (ave = 0.0014)
Loss3_1 = 0.0031 (ave = 0.0031)	Loss3_2 = 0.0014 (ave = 0.0014)
Loss4_1 = 0.0031 (ave = 0.0031)	Loss4_2 = 0.0014 (ave = 0.0014)
Loss5_1 = 0.0031 (ave = 0.0031)	Loss5_2 = 0.0014 (ave = 0.0014)
Loss6_1 = 0.0031 (ave = 0.0031)	Loss6_2 = 0.0014 (ave = 0.0014)
2017-11-05 00:32:26 -----------------------------------------------------------------------------------------------------------------

Train Iteration: 24	Time 0.474s / 1iters, (0.474)	Data load 0.001s / 1iters, (0.000637)
Learning rate = 1.99556173823e-05
Loss = 0.0000 (ave = 0.0000)

Loss1_1 = 0.0000 (ave = 0.0000)	Loss1_2 = 0.0000 (ave = 0.0000)
Loss2_1 = 0.0000 (ave = 0.0000)	Loss2_2 = 0.0000 (ave = 0.0000)
Loss3_1 = 0.0000 (ave = 0.0000)	Loss3_2 = 0.0000 (ave = 0.0000)
Loss4_1 = 0.0000 (ave = 0.0000)	Loss4_2 = 0.0000 (ave = 0.0000)
Loss5_1 = 0.0000 (ave = 0.0000)	Loss5_2 = 0.0000 (ave = 0.0000)
Loss6_1 = 0.0000 (ave = 0.0000)	Loss6_2 = 0.0000 (ave = 0.0000)
2017-11-05 00:32:26 -----------------------------------------------------------------------------------------------------------------

Train Iteration: 25	Time 0.479s / 1iters, (0.479)	Data load 0.001s / 1iters, (0.000546)
Learning rate = 1.99536880762e-05
Loss = 0.0569 (ave = 0.0569)

Loss1_1 = 0.0065 (ave = 0.0065)	Loss1_2 = 0.0030 (ave = 0.0030)
Loss2_1 = 0.0065 (ave = 0.0065)	Loss2_2 = 0.0030 (ave = 0.0030)
Loss3_1 = 0.0065 (ave = 0.0065)	Loss3_2 = 0.0030 (ave = 0.0030)
Loss4_1 = 0.0065 (ave = 0.0065)	Loss4_2 = 0.0030 (ave = 0.0030)
Loss5_1 = 0.0065 (ave = 0.0065)	Loss5_2 = 0.0030 (ave = 0.0030)
Loss6_1 = 0.0065 (ave = 0.0065)	Loss6_2 = 0.0030 (ave = 0.0030)
2017-11-05 00:32:27 -----------------------------------------------------------------------------------------------------------------

Train Iteration: 26	Time 0.396s / 1iters, (0.396)	Data load 0.001s / 1iters, (0.000689)
Learning rate = 1.99517588011e-05
Loss = 0.0438 (ave = 0.0438)

Loss1_1 = 0.0053 (ave = 0.0053)	Loss1_2 = 0.0020 (ave = 0.0020)
Loss2_1 = 0.0053 (ave = 0.0053)	Loss2_2 = 0.0020 (ave = 0.0020)
Loss3_1 = 0.0053 (ave = 0.0053)	Loss3_2 = 0.0020 (ave = 0.0020)
Loss4_1 = 0.0053 (ave = 0.0053)	Loss4_2 = 0.0020 (ave = 0.0020)
Loss5_1 = 0.0053 (ave = 0.0053)	Loss5_2 = 0.0020 (ave = 0.0020)
Loss6_1 = 0.0053 (ave = 0.0053)	Loss6_2 = 0.0020 (ave = 0.0020)
2017-11-05 00:32:27 -----------------------------------------------------------------------------------------------------------------

Train Iteration: 27	Time 0.491s / 1iters, (0.491)	Data load 0.002s / 1iters, (0.001519)
Learning rate = 1.99498295572e-05
Loss = 0.0140 (ave = 0.0140)

Loss1_1 = 0.0011 (ave = 0.0011)	Loss1_2 = 0.0012 (ave = 0.0012)
Loss2_1 = 0.0011 (ave = 0.0011)	Loss2_2 = 0.0012 (ave = 0.0012)
Loss3_1 = 0.0011 (ave = 0.0011)	Loss3_2 = 0.0012 (ave = 0.0012)
Loss4_1 = 0.0011 (ave = 0.0011)	Loss4_2 = 0.0012 (ave = 0.0012)
Loss5_1 = 0.0011 (ave = 0.0011)	Loss5_2 = 0.0012 (ave = 0.0012)
Loss6_1 = 0.0011 (ave = 0.0011)	Loss6_2 = 0.0012 (ave = 0.0012)
2017-11-05 00:32:28 -----------------------------------------------------------------------------------------------------------------

Train Iteration: 28	Time 0.475s / 1iters, (0.475)	Data load 0.001s / 1iters, (0.000514)
Learning rate = 1.99479003443e-05
Loss = 0.0432 (ave = 0.0432)

Loss1_1 = 0.0058 (ave = 0.0058)	Loss1_2 = 0.0014 (ave = 0.0014)
Loss2_1 = 0.0058 (ave = 0.0058)	Loss2_2 = 0.0014 (ave = 0.0014)
Loss3_1 = 0.0058 (ave = 0.0058)	Loss3_2 = 0.0014 (ave = 0.0014)
Loss4_1 = 0.0058 (ave = 0.0058)	Loss4_2 = 0.0014 (ave = 0.0014)
Loss5_1 = 0.0058 (ave = 0.0058)	Loss5_2 = 0.0014 (ave = 0.0014)
Loss6_1 = 0.0058 (ave = 0.0058)	Loss6_2 = 0.0014 (ave = 0.0014)
2017-11-05 00:32:28 -----------------------------------------------------------------------------------------------------------------

Train Iteration: 29	Time 0.470s / 1iters, (0.470)	Data load 0.000s / 1iters, (0.000460)
Learning rate = 1.99459711625e-05
Loss = 0.0133 (ave = 0.0133)

Loss1_1 = 0.0018 (ave = 0.0018)	Loss1_2 = 0.0004 (ave = 0.0004)
Loss2_1 = 0.0018 (ave = 0.0018)	Loss2_2 = 0.0004 (ave = 0.0004)
Loss3_1 = 0.0018 (ave = 0.0018)	Loss3_2 = 0.0004 (ave = 0.0004)
Loss4_1 = 0.0018 (ave = 0.0018)	Loss4_2 = 0.0004 (ave = 0.0004)
Loss5_1 = 0.0018 (ave = 0.0018)	Loss5_2 = 0.0004 (ave = 0.0004)
Loss6_1 = 0.0018 (ave = 0.0018)	Loss6_2 = 0.0004 (ave = 0.0004)
2017-11-05 00:32:29 -----------------------------------------------------------------------------------------------------------------

Train Iteration: 30	Time 0.477s / 1iters, (0.477)	Data load 0.000s / 1iters, (0.000475)
Learning rate = 1.99440420118e-05
Loss = 0.0226 (ave = 0.0226)

Loss1_1 = 0.0020 (ave = 0.0020)	Loss1_2 = 0.0017 (ave = 0.0017)
Loss2_1 = 0.0020 (ave = 0.0020)	Loss2_2 = 0.0017 (ave = 0.0017)
Loss3_1 = 0.0020 (ave = 0.0020)	Loss3_2 = 0.0017 (ave = 0.0017)
Loss4_1 = 0.0020 (ave = 0.0020)	Loss4_2 = 0.0017 (ave = 0.0017)
Loss5_1 = 0.0020 (ave = 0.0020)	Loss5_2 = 0.0017 (ave = 0.0017)
Loss6_1 = 0.0020 (ave = 0.0020)	Loss6_2 = 0.0017 (ave = 0.0017)
2017-11-05 00:32:29 -----------------------------------------------------------------------------------------------------------------

Train Iteration: 31	Time 0.471s / 1iters, (0.471)	Data load 0.001s / 1iters, (0.000508)
Learning rate = 1.99421128923e-05
Loss = 0.0538 (ave = 0.0538)

Loss1_1 = 0.0055 (ave = 0.0055)	Loss1_2 = 0.0034 (ave = 0.0034)
Loss2_1 = 0.0055 (ave = 0.0055)	Loss2_2 = 0.0034 (ave = 0.0034)
Loss3_1 = 0.0055 (ave = 0.0055)	Loss3_2 = 0.0034 (ave = 0.0034)
Loss4_1 = 0.0055 (ave = 0.0055)	Loss4_2 = 0.0034 (ave = 0.0034)
Loss5_1 = 0.0055 (ave = 0.0055)	Loss5_2 = 0.0034 (ave = 0.0034)
Loss6_1 = 0.0055 (ave = 0.0055)	Loss6_2 = 0.0034 (ave = 0.0034)
2017-11-05 00:32:30 -----------------------------------------------------------------------------------------------------------------

Train Iteration: 32	Time 0.481s / 1iters, (0.481)	Data load 0.001s / 1iters, (0.000540)
Learning rate = 1.99401838038e-05
Loss = 0.0216 (ave = 0.0216)

Loss1_1 = 0.0021 (ave = 0.0021)	Loss1_2 = 0.0015 (ave = 0.0015)
Loss2_1 = 0.0021 (ave = 0.0021)	Loss2_2 = 0.0015 (ave = 0.0015)
Loss3_1 = 0.0021 (ave = 0.0021)	Loss3_2 = 0.0015 (ave = 0.0015)
Loss4_1 = 0.0021 (ave = 0.0021)	Loss4_2 = 0.0015 (ave = 0.0015)
Loss5_1 = 0.0021 (ave = 0.0021)	Loss5_2 = 0.0015 (ave = 0.0015)
Loss6_1 = 0.0021 (ave = 0.0021)	Loss6_2 = 0.0015 (ave = 0.0015)
2017-11-05 00:32:30 -----------------------------------------------------------------------------------------------------------------

Train Iteration: 33	Time 0.489s / 1iters, (0.489)	Data load 0.000s / 1iters, (0.000483)
Learning rate = 1.99382547464e-05
Loss = 0.0049 (ave = 0.0049)

Loss1_1 = 0.0005 (ave = 0.0005)	Loss1_2 = 0.0003 (ave = 0.0003)
Loss2_1 = 0.0005 (ave = 0.0005)	Loss2_2 = 0.0003 (ave = 0.0003)
Loss3_1 = 0.0005 (ave = 0.0005)	Loss3_2 = 0.0003 (ave = 0.0003)
Loss4_1 = 0.0005 (ave = 0.0005)	Loss4_2 = 0.0003 (ave = 0.0003)
Loss5_1 = 0.0005 (ave = 0.0005)	Loss5_2 = 0.0003 (ave = 0.0003)
Loss6_1 = 0.0005 (ave = 0.0005)	Loss6_2 = 0.0003 (ave = 0.0003)
2017-11-05 00:32:31 -----------------------------------------------------------------------------------------------------------------

